<?xml version="1.0"?>
<testsuites>
  <testsuite name="Chrome 28.0.1500 (Mac OS X 10.8.4)" package="undefined" timestamp="2013-07-20T03:45:54" id="0" hostname="vojta-mbp.local" tests="16" errors="0" failures="0" time="0.025">
    <properties>
      <property name="browser.fullName" value="Mozilla/5.0 (Macintosh; Intel Mac OS X 10_8_4) AppleWebKit/537.36 (KHTML, like Gecko) Chrome/28.0.1500.71 Safari/537.36"/>
    </properties>
    <testcase name="should start execution when all files loaded and pass config" time="0.02" classname="Chrome 28.0.1500 (Mac OS X 10.8.4).karma"/>
    <testcase name="should not start execution if any error during loading files" time="0" classname="Chrome 28.0.1500 (Mac OS X 10.8.4).karma"/>
    <testcase name="should remove reference to start even after syntax error" time="0.001" classname="Chrome 28.0.1500 (Mac OS X 10.8.4).karma"/>
    <testcase name="should not set up context if there was an error" time="0" classname="Chrome 28.0.1500 (Mac OS X 10.8.4).karma"/>
    <testcase name="should report navigator name" time="0.001" classname="Chrome 28.0.1500 (Mac OS X 10.8.4).karma"/>
    <testcase name="should report browser id" time="0" classname="Chrome 28.0.1500 (Mac OS X 10.8.4).karma"/>
    <testcase name="should capture alert" time="0" classname="Chrome 28.0.1500 (Mac OS X 10.8.4).karma setupContext"/>
    <testcase name="should be getter/setter" time="0.001" classname="Chrome 28.0.1500 (Mac OS X 10.8.4).karma store"/>
    <testcase name="should clone arrays to avoid memory leaks" time="0" classname="Chrome 28.0.1500 (Mac OS X 10.8.4).karma store"/>
    <testcase name="should serialize string" time="0" classname="Chrome 28.0.1500 (Mac OS X 10.8.4).karma stringify"/>
    <testcase name="should serialize booleans" time="0" classname="Chrome 28.0.1500 (Mac OS X 10.8.4).karma stringify"/>
    <testcase name="should serialize null and undefined" time="0" classname="Chrome 28.0.1500 (Mac OS X 10.8.4).karma stringify"/>
    <testcase name="should serialize functions" time="0.001" classname="Chrome 28.0.1500 (Mac OS X 10.8.4).karma stringify"/>
    <testcase name="should serialize arrays" time="0" classname="Chrome 28.0.1500 (Mac OS X 10.8.4).karma stringify"/>
    <testcase name="should serialize html" time="0" classname="Chrome 28.0.1500 (Mac OS X 10.8.4).karma stringify"/>
    <testcase name="should serialize across iframes" time="0.001" classname="Chrome 28.0.1500 (Mac OS X 10.8.4).karma stringify"/>
    <system-out><![CDATA[
]]></system-out>
    <system-err/>
  </testsuite>
</testsuites>
